<?xml version="1.0" encoding="UTF-8"?>
<!-- Generated by org.testng.reporters.JUnitReportReporter -->
<testsuite hostname="DESKTOP-5FQ7S7E" failures="0" tests="4" name="testLayer.LoginTest" time="15.050" errors="0" timestamp="2022-04-01T21:47:55 EDT" skipped="0">
  <testcase classname="testLayer.LoginTest" name="Title" time="1.333"/>
  <system-out/>
  <testcase classname="testLayer.LoginTest" name="Login" time="4.507"/>
  <system-out/>
  <testcase classname="testLayer.LoginTest" name="Login" time="4.418"/>
  <system-out/>
  <testcase classname="testLayer.LoginTest" name="Login" time="4.792"/>
  <system-out/>
</testsuite> <!-- testLayer.LoginTest -->
