<?xml version="1.0" encoding="UTF-8"?>
<!-- Generated by org.testng.reporters.JUnitReportReporter -->
<testsuite hostname="DESKTOP-5FQ7S7E" failures="0" tests="5" name="testLayer.ShoppingCartTest" time="24.366" errors="0" timestamp="2022-05-26T17:17:00 EDT" skipped="0">
  <testcase classname="testLayer.ShoppingCartTest" name="search" time="3.919"/>
  <system-out/>
  <testcase classname="testLayer.ShoppingCartTest" name="addproduct" time="9.290"/>
  <system-out/>
  <testcase classname="testLayer.ShoppingCartTest" name="increaseproduct" time="4.985"/>
  <system-out/>
  <testcase classname="testLayer.ShoppingCartTest" name="decreaseproduct" time="3.084"/>
  <system-out/>
  <testcase classname="testLayer.ShoppingCartTest" name="removeproduct" time="3.088"/>
  <system-out/>
</testsuite> <!-- testLayer.ShoppingCartTest -->
