<?xml version="1.0" encoding="UTF-8"?>
<!-- Generated by org.testng.reporters.JUnitReportReporter -->
<testsuite hostname="DESKTOP-5FQ7S7E" failures="0" tests="1" name="testLayer.YourAddressTest" time="8.717" errors="0" timestamp="2022-05-26T17:17:00 EDT" skipped="0">
  <testcase classname="testLayer.YourAddressTest" name="address" time="8.717"/>
  <system-out/>
</testsuite> <!-- testLayer.YourAddressTest -->
