<?xml version="1.0" encoding="UTF-8"?>
<!-- Generated by org.testng.reporters.JUnitReportReporter -->
<testsuite hostname="DESKTOP-5FQ7S7E" failures="0" tests="2" name="testLayer.CreateAccountTest" time="3.396" errors="0" timestamp="2022-05-26T17:17:00 EDT" skipped="0">
  <testcase classname="testLayer.CreateAccountTest" name="Title" time="1.375"/>
  <system-out/>
  <testcase classname="testLayer.CreateAccountTest" name="Hello" time="2.021"/>
  <system-out/>
</testsuite> <!-- testLayer.CreateAccountTest -->
