<?xml version="1.0" encoding="UTF-8"?>
<!-- Generated by org.testng.reporters.JUnitReportReporter -->
<testsuite hostname="DESKTOP-5FQ7S7E" failures="0" tests="1" name="testLayer.YourOrdersTest" time="8.561" errors="0" timestamp="2022-05-26T17:17:00 EDT" skipped="0">
  <testcase classname="testLayer.YourOrdersTest" name="orders" time="8.561"/>
  <system-out/>
</testsuite> <!-- testLayer.YourOrdersTest -->
