<?xml version="1.0" encoding="UTF-8"?>
<!-- Generated by org.testng.reporters.JUnitReportReporter -->
<testsuite hostname="DESKTOP-5FQ7S7E" failures="0" tests="5" name="testLayer.SearchTest" time="13.649" errors="0" timestamp="2022-05-26T17:17:00 EDT" skipped="0">
  <testcase classname="testLayer.SearchTest" name="search" time="3.923"/>
  <system-out/>
  <testcase classname="testLayer.SearchTest" name="productpage" time="0.049"/>
  <system-out/>
  <testcase classname="testLayer.SearchTest" name="filter" time="3.125"/>
  <system-out/>
  <testcase classname="testLayer.SearchTest" name="sort" time="6.550"/>
  <system-out/>
  <testcase classname="testLayer.SearchTest" name="sortfilterpage" time="0.002"/>
  <system-out/>
</testsuite> <!-- testLayer.SearchTest -->
